/Users/engramarbollas/.pyenv/shims/python3
Using python command: python3
rm: tmp.*: No such file or directory
rm: *.tmp: No such file or directory
rm: *.aux: No such file or directory
21c21
<   \newcommand{\euro}{EUR}
---
>   \newcommand{\euro}{€}
162c162
< \pandocbounded{\includegraphics[keepaspectratio,alt={Personal Digital Assistant}]{height=1.0in@../images/pda.eps}}
---
> \pandocbounded{\includegraphics[keepaspectratio,alt={Personal Digital Assistant}]{height=1.0in@../images/pda.jpg}}
231c231
< \pandocbounded{\includegraphics[keepaspectratio,alt={Programmers Talking to You}]{height=1.0in@../images/pda2.eps}}
---
> \pandocbounded{\includegraphics[keepaspectratio,alt={Programmers Talking to You}]{height=1.0in@../images/pda2.jpg}}
256c256
< \pandocbounded{\includegraphics[keepaspectratio,alt={Hardware Architecture}]{height=1.75in@../images/arch.eps}}
---
> \pandocbounded{\includegraphics[keepaspectratio,alt={Hardware Architecture}]{height=1.75in@../images/arch.jpg}}
310c310
< \pandocbounded{\includegraphics[keepaspectratio,alt={Where Are You?}]{height=1.75in@../images/arch2.eps}}
---
> \pandocbounded{\includegraphics[keepaspectratio,alt={Where Are You?}]{height=1.75in@../images/arch2.jpg}}
2275c2275
< \pandocbounded{\includegraphics[keepaspectratio,alt={If Logic}]{height=1.5in@../images/if.eps}}
---
> \pandocbounded{\includegraphics[keepaspectratio,alt={If Logic}]{height=1.5in@../images/if.jpg}}
2378c2378
< \pandocbounded{\includegraphics[keepaspectratio,alt={If-Then-Else Logic}]{height=1.5in@../images/if-else.eps}}
---
> \pandocbounded{\includegraphics[keepaspectratio,alt={If-Then-Else Logic}]{height=1.5in@../images/if-else.jpg}}
2412c2412
< \pandocbounded{\includegraphics[keepaspectratio,alt={If-Then-ElseIf Logic}]{height=2.0in@../images/elif.eps}}
---
> \pandocbounded{\includegraphics[keepaspectratio,alt={If-Then-ElseIf Logic}]{height=2.0in@../images/elif.jpg}}
2466c2466
< \pandocbounded{\includegraphics[keepaspectratio,alt={Nested If Statements}]{height=2.0in@../images/nested.eps}}
---
> \pandocbounded{\includegraphics[keepaspectratio,alt={Nested If Statements}]{height=2.0in@../images/nested.jpg}}
4449c4449
< \pandocbounded{\includegraphics[keepaspectratio,alt={String Indexes}]{height=0.75in@../images/string.eps}}
---
> \pandocbounded{\includegraphics[keepaspectratio,alt={String Indexes}]{height=0.75in@../images/string.jpg}}
5200c5200
< \pandocbounded{\includegraphics[keepaspectratio,alt={Secondary Memory}]{height=2.5in@../images/arch.eps}}
---
> \pandocbounded{\includegraphics[keepaspectratio,alt={Secondary Memory}]{height=2.5in@../images/arch.jpg}}
5249c5249
< \pandocbounded{\includegraphics[keepaspectratio,alt={A File Handle}]{height=2.0in@../images/handle.eps}}
---
> \pandocbounded{\includegraphics[keepaspectratio,alt={A File Handle}]{height=2.0in@../images/handle.jpg}}
6616c6616
< \pandocbounded{\includegraphics[keepaspectratio,alt={Variables and Objects}]{height=0.5in@../images/list1.eps}}
---
> \pandocbounded{\includegraphics[keepaspectratio,alt={Variables and Objects}]{height=0.5in@../images/list1.jpg}}
9756c9756
< \pandocbounded{\includegraphics[keepaspectratio,alt={A Socket Connection}]{height=2.0in@../images/socket.eps}}
---
> \pandocbounded{\includegraphics[keepaspectratio,alt={A Socket Connection}]{height=2.0in@../images/socket.jpg}}
10587c10587
< \pandocbounded{\includegraphics[keepaspectratio,alt={A Tree Representation of XML}]{height=2.0in@../images/xml-tree.eps}}
---
> \pandocbounded{\includegraphics[keepaspectratio,alt={A Tree Representation of XML}]{height=2.0in@../images/xml-tree.jpg}}
10902c10902
< \pandocbounded{\includegraphics[keepaspectratio,alt={Service-oriented architecture}]{height=3.0in@../images/soa.eps}}
---
> \pandocbounded{\includegraphics[keepaspectratio,alt={Service-oriented architecture}]{height=3.0in@../images/soa.jpg}}
11139c11139
< \pandocbounded{\includegraphics[keepaspectratio,alt={A Program}]{height=1.20in@../images/program.eps}}
---
> \pandocbounded{\includegraphics[keepaspectratio,alt={A Program}]{height=1.20in@../images/program.jpg}}
11202c11202
< \pandocbounded{\includegraphics[keepaspectratio,alt={A Program as Network of Objects}]{height=1.50in@../images/program-oo.eps}}
---
> \pandocbounded{\includegraphics[keepaspectratio,alt={A Program as Network of Objects}]{height=1.50in@../images/program-oo.jpg}}
11228c11228
< \pandocbounded{\includegraphics[keepaspectratio,alt={Ignoring Detail When Using an Object}]{height=1.50in@../images/program-oo-code.eps}}
---
> \pandocbounded{\includegraphics[keepaspectratio,alt={Ignoring Detail When Using an Object}]{height=1.50in@../images/program-oo-code.jpg}}
11242c11242
< \pandocbounded{\includegraphics[keepaspectratio,alt={Ignoring Detail When Building an Object}]{height=1.50in@../images/program-oo-bs4.eps}}
---
> \pandocbounded{\includegraphics[keepaspectratio,alt={Ignoring Detail When Building an Object}]{height=1.50in@../images/program-oo-bs4.jpg}}
11321c11321
< \pandocbounded{\includegraphics[keepaspectratio,alt={A Class and Two Objects}]{height=2.0in@../photos/cookie_cutter_flickr_Didriks.eps}}
---
> \pandocbounded{\includegraphics[keepaspectratio,alt={A Class and Two Objects}]{height=2.0in@../photos/cookie_cutter_flickr_Didriks.jpg}}
11835c11835
< \pandocbounded{\includegraphics[keepaspectratio,alt={Relational Databases}]{height=2.0in@../images/relational.eps}}
---
> \pandocbounded{\includegraphics[keepaspectratio,alt={Relational Databases}]{height=2.0in@../images/relational.jpg}}
11933c11933
< \pandocbounded{\includegraphics[keepaspectratio,alt={A Database Cursor}]{height=2.0in@../images/cursor.eps}}
---
> \pandocbounded{\includegraphics[keepaspectratio,alt={A Database Cursor}]{height=2.0in@../images/cursor.jpg}}
12025c12025
< \pandocbounded{\includegraphics[keepaspectratio,alt={Rows in a Table}]{height=1.5in@../images/tracks.eps}}
---
> \pandocbounded{\includegraphics[keepaspectratio,alt={Rows in a Table}]{height=1.5in@../images/tracks.jpg}}
12373c12373
< \pandocbounded{\includegraphics[keepaspectratio,alt={A Verbose One-to-Many Data Model}]{height=1.5in@../images/one-to-many-verbose.eps}}
---
> \pandocbounded{\includegraphics[keepaspectratio,alt={A Verbose One-to-Many Data Model}]{height=1.5in@../images/one-to-many-verbose.jpg}}
12408c12408
< \pandocbounded{\includegraphics[keepaspectratio,alt={A Succinct One-to-Many Data Model}]{height=1.5in@../images/one-to-many.eps}}
---
> \pandocbounded{\includegraphics[keepaspectratio,alt={A Succinct One-to-Many Data Model}]{height=1.5in@../images/one-to-many.jpg}}
12591c12591
< \pandocbounded{\includegraphics[keepaspectratio,alt={Tracks, Albums, and Artists}]{height=1.5in@../images/tracks-albums-artists.eps}}
---
> \pandocbounded{\includegraphics[keepaspectratio,alt={Tracks, Albums, and Artists}]{height=1.5in@../images/tracks-albums-artists.jpg}}
12787c12787
< \pandocbounded{\includegraphics[keepaspectratio,alt={A Many to Many Relationship}]{height=1.5in@../images/many-to-many.eps}}
---
> \pandocbounded{\includegraphics[keepaspectratio,alt={A Many to Many Relationship}]{height=1.5in@../images/many-to-many.jpg}}
12831c12831
< \pandocbounded{\includegraphics[keepaspectratio,alt={A Many to Many Connector Table}]{height=1.5in@../images/many-to-many-verbose.eps}}
---
> \pandocbounded{\includegraphics[keepaspectratio,alt={A Many to Many Connector Table}]{height=1.5in@../images/many-to-many-verbose.jpg}}
13221c13221
< \pandocbounded{\includegraphics[keepaspectratio,alt={An OpenStreetMap}]{../images/openstreet-map.eps}}
---
> \pandocbounded{\includegraphics[keepaspectratio,alt={An OpenStreetMap}]{../images/openstreet-map.jpg}}
13368c13368
< \pandocbounded{\includegraphics[keepaspectratio,alt={A Page Ranking}]{height=3.5in@../images/pagerank.eps}}
---
> \pandocbounded{\includegraphics[keepaspectratio,alt={A Page Ranking}]{height=3.5in@../images/pagerank.jpg}}
13525c13525
< \pandocbounded{\includegraphics[keepaspectratio,alt={A Word Cloud from the Sakai Developer List}]{height=3.5in@../images/wordcloud.eps}}
---
> \pandocbounded{\includegraphics[keepaspectratio,alt={A Word Cloud from the Sakai Developer List}]{height=3.5in@../images/wordcloud.jpg}}
13756c13756
< \pandocbounded{\includegraphics[keepaspectratio,alt={Sakai Mail Activity by Organization}]{../images/mailorg.eps}}
---
> \pandocbounded{\includegraphics[keepaspectratio,alt={Sakai Mail Activity by Organization}]{../images/mailorg.jpg}}
This is pdfTeX, Version 3.141592653-2.6-1.40.27 (TeX Live 2025) (preloaded format=latex)
 restricted \write18 enabled.
entering extended mode
(./tmp.tex
LaTeX2e <2024-11-01> patch level 2
L3 programming layer <2025-01-18>
(/usr/local/texlive/2025basic/texmf-dist/tex/latex/base/book.cls
Document Class: book 2024/06/29 v1.4n Standard LaTeX document class
(/usr/local/texlive/2025basic/texmf-dist/tex/latex/base/bk10.clo))
(./createspace.sty
(/usr/local/texlive/2025basic/texmf-dist/tex/latex/xkeyval/xkeyval.sty
(/usr/local/texlive/2025basic/texmf-dist/tex/generic/xkeyval/xkeyval.tex
(/usr/local/texlive/2025basic/texmf-dist/tex/generic/xkeyval/xkvutils.tex
(/usr/local/texlive/2025basic/texmf-dist/tex/generic/xkeyval/keyval.tex))))
(/usr/local/texlive/2025basic/texmf-dist/tex/latex/geometry/geometry.sty
(/usr/local/texlive/2025basic/texmf-dist/tex/generic/iftex/ifvtex.sty
(/usr/local/texlive/2025basic/texmf-dist/tex/generic/iftex/iftex.sty))))
(/usr/local/texlive/2025basic/texmf-dist/tex/latex/base/alltt.sty)
(/usr/local/texlive/2025basic/texmf-dist/tex/latex/lm/lmodern.sty)
(/usr/local/texlive/2025basic/texmf-dist/tex/latex/base/makeidx.sty)
(/usr/local/texlive/2025basic/texmf-dist/tex/latex/amsfonts/amssymb.sty
(/usr/local/texlive/2025basic/texmf-dist/tex/latex/amsfonts/amsfonts.sty))
(/usr/local/texlive/2025basic/texmf-dist/tex/latex/amsmath/amsmath.sty
For additional information on amsmath, use the `?' option.
(/usr/local/texlive/2025basic/texmf-dist/tex/latex/amsmath/amstext.sty
(/usr/local/texlive/2025basic/texmf-dist/tex/latex/amsmath/amsgen.sty))
(/usr/local/texlive/2025basic/texmf-dist/tex/latex/amsmath/amsbsy.sty)
(/usr/local/texlive/2025basic/texmf-dist/tex/latex/amsmath/amsopn.sty))
(/usr/local/texlive/2025basic/texmf-dist/tex/generic/iftex/ifxetex.sty)
(/usr/local/texlive/2025basic/texmf-dist/tex/generic/iftex/ifluatex.sty)
(/usr/local/texlive/2025basic/texmf-dist/tex/latex/base/fixltx2e.sty

Package fixltx2e Warning: fixltx2e is not required with releases after 2015
(fixltx2e)                All fixes are now in the LaTeX kernel.
(fixltx2e)                See the latexrelease package for details.

) (/usr/local/texlive/2025basic/texmf-dist/tex/latex/base/fontenc.sty
(/usr/local/texlive/2025basic/texmf-dist/tex/latex/lm/t1lmr.fd))
(/usr/local/texlive/2025basic/texmf-dist/tex/latex/base/inputenc.sty)
(/usr/local/texlive/2025basic/texmf-dist/tex/latex/upquote/upquote.sty
(/usr/local/texlive/2025basic/texmf-dist/tex/latex/base/textcomp.sty))
(/usr/local/texlive/2025basic/texmf-dist/tex/latex/microtype/microtype.sty
(/usr/local/texlive/2025basic/texmf-dist/tex/latex/etoolbox/etoolbox.sty)
(/usr/local/texlive/2025basic/texmf-dist/tex/latex/microtype/microtype-pdftex.d
ef) (/usr/local/texlive/2025basic/texmf-dist/tex/latex/microtype/microtype.cfg)
) (/usr/local/texlive/2025basic/texmf-dist/tex/latex/graphics/color.sty
(/usr/local/texlive/2025basic/texmf-dist/tex/latex/graphics-cfg/color.cfg)
(/usr/local/texlive/2025basic/texmf-dist/tex/latex/graphics-def/dvips.def)
(/usr/local/texlive/2025basic/texmf-dist/tex/latex/graphics/dvipsnam.def)
(/usr/local/texlive/2025basic/texmf-dist/tex/latex/graphics/mathcolor.ltx))
(/usr/local/texlive/2025basic/texmf-dist/tex/latex/fancyvrb/fancyvrb.sty)
(/usr/local/texlive/2025basic/texmf-dist/tex/latex/comment/comment.sty
Excluding comment 'comment') Excluding comment 'trinketfiles'
(/usr/local/texlive/2025basic/texmf-dist/tex/latex/graphics/graphicx.sty
(/usr/local/texlive/2025basic/texmf-dist/tex/latex/graphics/graphics.sty
(/usr/local/texlive/2025basic/texmf-dist/tex/latex/graphics/trig.sty)
(/usr/local/texlive/2025basic/texmf-dist/tex/latex/graphics-cfg/graphics.cfg)))
 (/usr/local/texlive/2025basic/texmf-dist/tex/latex/hyperref/hyperref.sty
(/usr/local/texlive/2025basic/texmf-dist/tex/latex/kvsetkeys/kvsetkeys.sty)
(/usr/local/texlive/2025basic/texmf-dist/tex/generic/kvdefinekeys/kvdefinekeys.
sty)
(/usr/local/texlive/2025basic/texmf-dist/tex/generic/pdfescape/pdfescape.sty
(/usr/local/texlive/2025basic/texmf-dist/tex/generic/ltxcmds/ltxcmds.sty)
(/usr/local/texlive/2025basic/texmf-dist/tex/generic/pdftexcmds/pdftexcmds.sty
(/usr/local/texlive/2025basic/texmf-dist/tex/generic/infwarerr/infwarerr.sty)))
 (/usr/local/texlive/2025basic/texmf-dist/tex/latex/hycolor/hycolor.sty)
(/usr/local/texlive/2025basic/texmf-dist/tex/latex/hyperref/nameref.sty
(/usr/local/texlive/2025basic/texmf-dist/tex/latex/refcount/refcount.sty)
(/usr/local/texlive/2025basic/texmf-dist/tex/generic/gettitlestring/gettitlestr
ing.sty
(/usr/local/texlive/2025basic/texmf-dist/tex/latex/kvoptions/kvoptions.sty)))
(/usr/local/texlive/2025basic/texmf-dist/tex/generic/stringenc/stringenc.sty)
(/usr/local/texlive/2025basic/texmf-dist/tex/latex/hyperref/pd1enc.def)
(/usr/local/texlive/2025basic/texmf-dist/tex/generic/intcalc/intcalc.sty)
(/usr/local/texlive/2025basic/texmf-dist/tex/latex/hyperref/puenc.def)
(/usr/local/texlive/2025basic/texmf-dist/tex/latex/url/url.sty)
(/usr/local/texlive/2025basic/texmf-dist/tex/generic/bitset/bitset.sty
(/usr/local/texlive/2025basic/texmf-dist/tex/generic/bigintcalc/bigintcalc.sty)
) (/usr/local/texlive/2025basic/texmf-dist/tex/latex/base/atbegshi-ltx.sty))
(/usr/local/texlive/2025basic/texmf-dist/tex/latex/hyperref/hdvips.def
(/usr/local/texlive/2025basic/texmf-dist/tex/latex/hyperref/pdfmark.def
(/usr/local/texlive/2025basic/texmf-dist/tex/latex/rerunfilecheck/rerunfilechec
k.sty (/usr/local/texlive/2025basic/texmf-dist/tex/latex/base/atveryend-ltx.sty
)
(/usr/local/texlive/2025basic/texmf-dist/tex/generic/uniquecounter/uniquecounte
r.sty))))

Package hyperref Warning: Option `bookmarks' has already been used,
(hyperref)                setting the option has no effect on input line 104.

Writing index file tmp.idx

(/usr/local/texlive/2025basic/texmf-dist/tex/latex/l3backend/l3backend-dvips.de
f)
No file tmp.aux.
*geometry* driver: auto-detecting
*geometry* detected driver: dvips
(/usr/local/texlive/2025basic/texmf-dist/tex/latex/microtype/mt-cmr.cfg)

Package hyperref Warning: Rerun to get /PageLabels entry.

(/usr/local/texlive/2025basic/texmf-dist/tex/latex/lm/ot1lmr.fd)
(/usr/local/texlive/2025basic/texmf-dist/tex/latex/lm/omllmm.fd)
(/usr/local/texlive/2025basic/texmf-dist/tex/latex/lm/omslmsy.fd)
(/usr/local/texlive/2025basic/texmf-dist/tex/latex/lm/omxlmex.fd)
(/usr/local/texlive/2025basic/texmf-dist/tex/latex/amsfonts/umsa.fd)
(/usr/local/texlive/2025basic/texmf-dist/tex/latex/microtype/mt-msa.cfg)
(/usr/local/texlive/2025basic/texmf-dist/tex/latex/amsfonts/umsb.fd)
(/usr/local/texlive/2025basic/texmf-dist/tex/latex/microtype/mt-msb.cfg)
[1] (./tmp.preface.tex
(/usr/local/texlive/2025basic/texmf-dist/tex/latex/lm/t1lmtt.fd)
(/usr/local/texlive/2025basic/texmf-dist/tex/latex/lm/ts1lmr.fd)
[2]
[3])
[4]
No file tmp.toc.

[5]
[6]
Chapter 1.
<../images/pda.eps>
[1] <../images/pda2.eps>

Overfull \hbox (67.53589pt too wide) has occurred while \output is active
\T1/lmr/m/n/10 2 \T1/lmr/m/sl/10 CHAPTER 1.  BAKIT DAPAT MONG MATUTUNAN ANG PAG
SUSULAT NG PROGRAMS?
[2] <../images/arch.eps>
[3] <../images/arch2.eps>

Overfull \hbox (67.53589pt too wide) has occurred while \output is active
\T1/lmr/m/n/10 4 \T1/lmr/m/sl/10 CHAPTER 1.  BAKIT DAPAT MONG MATUTUNAN ANG PAG
SUSULAT NG PROGRAMS?
[4]
[5] (/usr/local/texlive/2025basic/texmf-dist/tex/latex/lm/ts1lmtt.fd)

Overfull \hbox (67.53589pt too wide) has occurred while \output is active
\T1/lmr/m/n/10 6 \T1/lmr/m/sl/10 CHAPTER 1.  BAKIT DAPAT MONG MATUTUNAN ANG PAG
SUSULAT NG PROGRAMS?
[6]
[7]

Overfull \hbox (67.53589pt too wide) has occurred while \output is active
\T1/lmr/m/n/10 8 \T1/lmr/m/sl/10 CHAPTER 1.  BAKIT DAPAT MONG MATUTUNAN ANG PAG
SUSULAT NG PROGRAMS?
[8]
[9]

Overfull \hbox (72.53589pt too wide) has occurred while \output is active
\T1/lmr/m/n/10 10 \T1/lmr/m/sl/10 CHAPTER 1.  BAKIT DAPAT MONG MATUTUNAN ANG PA
GSUSULAT NG PROGRAMS?
[10]
[11] Excluding 'trinketfiles' comment.

Overfull \hbox (72.53589pt too wide) has occurred while \output is active
\T1/lmr/m/n/10 12 \T1/lmr/m/sl/10 CHAPTER 1.  BAKIT DAPAT MONG MATUTUNAN ANG PA
GSUSULAT NG PROGRAMS?
[12]
Underfull \hbox (badness 2088) in paragraph at lines 872--874
[]\T1/lmr/m/n/10 Gawin ang ilang set ng state-ments nang paulit-ulit,

[13]

Overfull \hbox (72.53589pt too wide) has occurred while \output is active
\T1/lmr/m/n/10 14 \T1/lmr/m/sl/10 CHAPTER 1.  BAKIT DAPAT MONG MATUTUNAN ANG PA
GSUSULAT NG PROGRAMS?
[14]
[15]

Overfull \hbox (72.53589pt too wide) has occurred while \output is active
\T1/lmr/m/n/10 16 \T1/lmr/m/sl/10 CHAPTER 1.  BAKIT DAPAT MONG MATUTUNAN ANG PA
GSUSULAT NG PROGRAMS?
[16]
Underfull \hbox (badness 6220) in paragraph at lines 1141--1144
[]\T1/lmr/m/n/10 Programming lan-guage na idinisenyo para madal-ing

[17]

Overfull \hbox (72.53589pt too wide) has occurred while \output is active
\T1/lmr/m/n/10 18 \T1/lmr/m/sl/10 CHAPTER 1.  BAKIT DAPAT MONG MATUTUNAN ANG PA
GSUSULAT NG PROGRAMS?
[18]
[19]

Overfull \hbox (72.53589pt too wide) has occurred while \output is active
\T1/lmr/m/n/10 20 \T1/lmr/m/sl/10 CHAPTER 1.  BAKIT DAPAT MONG MATUTUNAN ANG PA
GSUSULAT NG PROGRAMS?
[20]
Chapter 2.

[21]
[22]
[23]
[24]
[25]
[26]
[27]
[28]
[29]
[30]
[31]
[32]
[33]
[34]
Chapter 3.

[35] <../images/if.eps>
[36]
[37] <../images/if-else.eps>
[38] <../images/elif.eps>
[39] <../images/nested.eps>
[40]
[41]
[42]
[43]
Underfull \hbox (badness 3471) in paragraph at lines 2791--2793
[]\T1/lmr/m/n/10 Conditional state-ment na may serye ng al-ter-na-tive

[44]
[45]
[46]
Chapter 4.

[47]
[48]
[49]
[50]
[51]
[52]
[53]
[54]
[55]
[56]
[57]
Underfull \hbox (badness 1688) in paragraph at lines 3727--3730
[]\T1/lmr/m/n/10 Pinangalanang se-quence ng state-ments na gu-ma-gawa ng kapaki
-

[58]
[59]
[60]
Chapter 5.

[61]
[62]
[63]
[64]
[65]
[66]
[67]
[68]
[69]
[70]
Chapter 6.
<../images/string.eps>
[71]
[72]
[73]
[74]
[75]
[76]
[77]
[78]
[79]
[80]
[81]
[82]
Chapter 7.
<../images/arch.eps>
[83] <../images/handle.eps>
[84]
[85] Excluding 'trinketfiles' comment.
[86] Excluding 'trinketfiles' comment.
[87] Excluding 'trinketfiles' comment.
[88] Excluding 'trinketfiles' comment. Excluding 'trinketfiles' comment.
[89] Excluding 'trinketfiles' comment.
[90] Excluding 'trinketfiles' comment.
[91]
[92]
[93]
[94]
[95]
[96]
Chapter 8.

[97]
[98]
[99]
[100]
[101]
[102]
[103] Excluding 'trinketfiles' comment.
[104] <../images/list1.eps>
[105]
[106]
[107]
[108]
[109]
[110]
[111]
Overfull \hbox (4.01663pt too wide) in paragraph at lines 7250--7260
[]\T1/lmr/m/n/10 Para maka-pagsim-ula, i-download ang kopya ng file [][][]www.p
y4e.com/code3/romeo.txt[][][][].

[112]
[113]
[114]
Chapter 9.

[115]
Underfull \hbox (badness 10000) in paragraph at lines 7491--7491
[][][][][][][]\T1/lmr/m/n/8 Kung gusto mong matuto pa tungkol sa hash ta-bles, 
may-roong course sa

[116]
[117]
[118] Excluding 'trinketfiles' comment.
Underfull \hbox (badness 2065) in paragraph at lines 7699--7706
\T1/lmtt/m/n/10 counts[word] = counts[word] + 1\T1/lmr/m/n/10 . Ang al-in-mang 
method ay maaar-ing

[119]
Underfull \hbox (badness 1852) in paragraph at lines 7707--7711
[]\T1/lmr/m/n/10 Kapag tu-matakbo ang pro-gram, nakikita natin ang raw dump ng 
la-hat

[120]
[121] Excluding 'trinketfiles' comment.
[122]
Underfull \hbox (badness 1496) in paragraph at lines 7956--7959
[]\T1/lmr/m/n/10 Instead of print-ing and check-ing the en-tire

[123]
[124]
[125]
[126]
Chapter 10.

[127]
[128]
[129]
[130]
[131]
[132] Excluding 'trinketfiles' comment.
[133]
[134]
[135]
[136]
[137]
[138]
Chapter 11.

[139] Excluding 'trinketfiles' comment. Excluding 'trinketfiles' comment.
[140] Excluding 'trinketfiles' comment. Excluding 'trinketfiles' comment.
[141] Excluding 'trinketfiles' comment.
[142] Excluding 'trinketfiles' comment.
[143] Excluding 'trinketfiles' comment.
[144] Excluding 'trinketfiles' comment.
[145] Excluding 'trinketfiles' comment.
[146] Excluding 'trinketfiles' comment.
[147] Excluding 'trinketfiles' comment.
[148]
[149]
[150]
[151]
[152]
Chapter 12.

[153] <../images/socket.eps>
[154]
[155]
[156]
[157]
[158]
[159]
Underfull \hbox (badness 1314) in paragraph at lines 10309--10313
[]\T1/lmr/m/n/10 Sa hal-im-bawang ito, nag-babasa lang tayo ng 100,000 char-ac-
ters sa isang

[160]
[161]
[162]
[163]
[164]
[165]
[166]
[167]
[168]
Chapter 13.
<../images/xml-tree.eps>
[169]
[170]
[171]
[172]
[173]
[174] <../images/soa.eps>
[175]
[176]
Chapter 14.

[177]
[178] <../images/program.eps>
[179] <../images/program-oo.eps>
[180] <../images/program-oo-code.eps>
[181] <../images/program-oo-bs4.eps>
[182] <../photos/cookie_cutter_flickr_Didriks.eps>
[183]
[184]
[185]
[186]
[187]
[188]
[189]
[190]
Chapter 15.
<../images/relational.eps>
[191]
[192] <../images/cursor.eps>
[193]
[194] <../images/tracks.eps>
[195]
Underfull \hbox (badness 1286) in paragraph at lines 12339--12343
[]\T1/lmr/m/n/10 Ang \T1/lmtt/m/n/10 INSERT \T1/lmr/m/n/10 state-ment ay nag-tu
-tukoy ng ta-ble name, pagkat-a-pos list ng

[196]
[197]
[198]
[199] <../images/one-to-many-verbose.eps>

LaTeX Warning: Reference `figvrbo2m' on page 200 undefined on input line 12624.



LaTeX Warning: Reference `figo2m' on page 200 undefined on input line 12645.

<../images/one-to-many.eps>
[200]
[201]
[202] <../images/tracks-albums-artists.eps>
[203]

LaTeX Warning: Reference `figtaa' on page 204 undefined on input line 12881.


[204]
[205]

LaTeX Warning: Reference `figm2m' on page 206 undefined on input line 13045.


[206] <../images/many-to-many.eps> <../images/many-to-many-verbose.eps>

LaTeX Warning: Reference `figm2mvrb' on page 207 undefined on input line 13107.



[207]
[208]
[209]
[210]
[211]
[212]
[213]
[214]
Chapter 16.
<../images/openstreet-map.eps>
[215]
[216]
[217] <../images/pagerank.eps>
[218]
[219]
[220] <../images/wordcloud.eps>
[221]
[222]
[223]
[224] <../images/mailorg.eps> (./tmp.appendix.tex
[225]
[226]
Appendix A.

Overfull \hbox (49.61015pt too wide) in paragraph at lines 5--7
\T1/lmr/m/n/10 Ang li-bro na ito ay na-translate sa ilang lan-guages na makikit
a sa https://www.py4e.com/book. 

Underfull \hbox (badness 4060) in paragraph at lines 27--30
[]\T1/lmr/m/n/10 Greek - Trans-lated book, au-to-graders, re-sources, at web si
te sa

[227]
[228]
[229]
Underfull \hbox (badness 10000) in paragraph at lines 182--184


[230]
Appendix B.

Underfull \hbox (badness 1348) in paragraph at lines 230--233
\T1/lmr/m/n/10 Ang gawaing ito ay li-censed sa ilalim ng Cre-ative Com-mons Att
ribution-

[231])
No file tmp.ind.
Package createspace Info: spine is about 37.86072pt wide

Package createspace Info: book cost is 6.14USD (3.63USD for pro plan)


[232] (./tmp.aux)

LaTeX Warning: There were undefined references.


LaTeX Warning: Label(s) may have changed. Rerun to get cross-references right.


Package rerunfilecheck Warning: File `tmp.out' has changed.
(rerunfilecheck)                Rerun to get outlines right
(rerunfilecheck)                or use package `bookmark'.

 )
(see the transcript file for additional information)
Output written on tmp.dvi (238 pages, 959516 bytes).
Transcript written on tmp.log.
This is makeindex, version 2.17 [TeX Live 2025] (kpathsea + Thai support).
Scanning input file tmp.idx....done (869 entries accepted, 7 rejected).
Sorting entries..........done (9772 comparisons).
Generating output file tmp.ind....done (713 lines written, 0 warnings).
Output written in tmp.ind.
Transcript written in tmp.ilg.
This is pdfTeX, Version 3.141592653-2.6-1.40.27 (TeX Live 2025) (preloaded format=latex)
 restricted \write18 enabled.
entering extended mode
(./tmp.tex
LaTeX2e <2024-11-01> patch level 2
L3 programming layer <2025-01-18>
(/usr/local/texlive/2025basic/texmf-dist/tex/latex/base/book.cls
Document Class: book 2024/06/29 v1.4n Standard LaTeX document class
(/usr/local/texlive/2025basic/texmf-dist/tex/latex/base/bk10.clo))
(./createspace.sty
(/usr/local/texlive/2025basic/texmf-dist/tex/latex/xkeyval/xkeyval.sty
(/usr/local/texlive/2025basic/texmf-dist/tex/generic/xkeyval/xkeyval.tex
(/usr/local/texlive/2025basic/texmf-dist/tex/generic/xkeyval/xkvutils.tex
(/usr/local/texlive/2025basic/texmf-dist/tex/generic/xkeyval/keyval.tex))))
(/usr/local/texlive/2025basic/texmf-dist/tex/latex/geometry/geometry.sty
(/usr/local/texlive/2025basic/texmf-dist/tex/generic/iftex/ifvtex.sty
(/usr/local/texlive/2025basic/texmf-dist/tex/generic/iftex/iftex.sty))))
(/usr/local/texlive/2025basic/texmf-dist/tex/latex/base/alltt.sty)
(/usr/local/texlive/2025basic/texmf-dist/tex/latex/lm/lmodern.sty)
(/usr/local/texlive/2025basic/texmf-dist/tex/latex/base/makeidx.sty)
(/usr/local/texlive/2025basic/texmf-dist/tex/latex/amsfonts/amssymb.sty
(/usr/local/texlive/2025basic/texmf-dist/tex/latex/amsfonts/amsfonts.sty))
(/usr/local/texlive/2025basic/texmf-dist/tex/latex/amsmath/amsmath.sty
For additional information on amsmath, use the `?' option.
(/usr/local/texlive/2025basic/texmf-dist/tex/latex/amsmath/amstext.sty
(/usr/local/texlive/2025basic/texmf-dist/tex/latex/amsmath/amsgen.sty))
(/usr/local/texlive/2025basic/texmf-dist/tex/latex/amsmath/amsbsy.sty)
(/usr/local/texlive/2025basic/texmf-dist/tex/latex/amsmath/amsopn.sty))
(/usr/local/texlive/2025basic/texmf-dist/tex/generic/iftex/ifxetex.sty)
(/usr/local/texlive/2025basic/texmf-dist/tex/generic/iftex/ifluatex.sty)
(/usr/local/texlive/2025basic/texmf-dist/tex/latex/base/fixltx2e.sty

Package fixltx2e Warning: fixltx2e is not required with releases after 2015
(fixltx2e)                All fixes are now in the LaTeX kernel.
(fixltx2e)                See the latexrelease package for details.

) (/usr/local/texlive/2025basic/texmf-dist/tex/latex/base/fontenc.sty
(/usr/local/texlive/2025basic/texmf-dist/tex/latex/lm/t1lmr.fd))
(/usr/local/texlive/2025basic/texmf-dist/tex/latex/base/inputenc.sty)
(/usr/local/texlive/2025basic/texmf-dist/tex/latex/upquote/upquote.sty
(/usr/local/texlive/2025basic/texmf-dist/tex/latex/base/textcomp.sty))
(/usr/local/texlive/2025basic/texmf-dist/tex/latex/microtype/microtype.sty
(/usr/local/texlive/2025basic/texmf-dist/tex/latex/etoolbox/etoolbox.sty)
(/usr/local/texlive/2025basic/texmf-dist/tex/latex/microtype/microtype-pdftex.d
ef) (/usr/local/texlive/2025basic/texmf-dist/tex/latex/microtype/microtype.cfg)
) (/usr/local/texlive/2025basic/texmf-dist/tex/latex/graphics/color.sty
(/usr/local/texlive/2025basic/texmf-dist/tex/latex/graphics-cfg/color.cfg)
(/usr/local/texlive/2025basic/texmf-dist/tex/latex/graphics-def/dvips.def)
(/usr/local/texlive/2025basic/texmf-dist/tex/latex/graphics/dvipsnam.def)
(/usr/local/texlive/2025basic/texmf-dist/tex/latex/graphics/mathcolor.ltx))
(/usr/local/texlive/2025basic/texmf-dist/tex/latex/fancyvrb/fancyvrb.sty)
(/usr/local/texlive/2025basic/texmf-dist/tex/latex/comment/comment.sty
Excluding comment 'comment') Excluding comment 'trinketfiles'
(/usr/local/texlive/2025basic/texmf-dist/tex/latex/graphics/graphicx.sty
(/usr/local/texlive/2025basic/texmf-dist/tex/latex/graphics/graphics.sty
(/usr/local/texlive/2025basic/texmf-dist/tex/latex/graphics/trig.sty)
(/usr/local/texlive/2025basic/texmf-dist/tex/latex/graphics-cfg/graphics.cfg)))
 (/usr/local/texlive/2025basic/texmf-dist/tex/latex/hyperref/hyperref.sty
(/usr/local/texlive/2025basic/texmf-dist/tex/latex/kvsetkeys/kvsetkeys.sty)
(/usr/local/texlive/2025basic/texmf-dist/tex/generic/kvdefinekeys/kvdefinekeys.
sty)
(/usr/local/texlive/2025basic/texmf-dist/tex/generic/pdfescape/pdfescape.sty
(/usr/local/texlive/2025basic/texmf-dist/tex/generic/ltxcmds/ltxcmds.sty)
(/usr/local/texlive/2025basic/texmf-dist/tex/generic/pdftexcmds/pdftexcmds.sty
(/usr/local/texlive/2025basic/texmf-dist/tex/generic/infwarerr/infwarerr.sty)))
 (/usr/local/texlive/2025basic/texmf-dist/tex/latex/hycolor/hycolor.sty)
(/usr/local/texlive/2025basic/texmf-dist/tex/latex/hyperref/nameref.sty
(/usr/local/texlive/2025basic/texmf-dist/tex/latex/refcount/refcount.sty)
(/usr/local/texlive/2025basic/texmf-dist/tex/generic/gettitlestring/gettitlestr
ing.sty
(/usr/local/texlive/2025basic/texmf-dist/tex/latex/kvoptions/kvoptions.sty)))
(/usr/local/texlive/2025basic/texmf-dist/tex/generic/stringenc/stringenc.sty)
(/usr/local/texlive/2025basic/texmf-dist/tex/latex/hyperref/pd1enc.def)
(/usr/local/texlive/2025basic/texmf-dist/tex/generic/intcalc/intcalc.sty)
(/usr/local/texlive/2025basic/texmf-dist/tex/latex/hyperref/puenc.def)
(/usr/local/texlive/2025basic/texmf-dist/tex/latex/url/url.sty)
(/usr/local/texlive/2025basic/texmf-dist/tex/generic/bitset/bitset.sty
(/usr/local/texlive/2025basic/texmf-dist/tex/generic/bigintcalc/bigintcalc.sty)
) (/usr/local/texlive/2025basic/texmf-dist/tex/latex/base/atbegshi-ltx.sty))
(/usr/local/texlive/2025basic/texmf-dist/tex/latex/hyperref/hdvips.def
(/usr/local/texlive/2025basic/texmf-dist/tex/latex/hyperref/pdfmark.def
(/usr/local/texlive/2025basic/texmf-dist/tex/latex/rerunfilecheck/rerunfilechec
k.sty (/usr/local/texlive/2025basic/texmf-dist/tex/latex/base/atveryend-ltx.sty
)
(/usr/local/texlive/2025basic/texmf-dist/tex/generic/uniquecounter/uniquecounte
r.sty))))

Package hyperref Warning: Option `bookmarks' has already been used,
(hyperref)                setting the option has no effect on input line 104.

Writing index file tmp.idx

(/usr/local/texlive/2025basic/texmf-dist/tex/latex/l3backend/l3backend-dvips.de
f) (./tmp.aux)
*geometry* driver: auto-detecting
*geometry* detected driver: dvips
(/usr/local/texlive/2025basic/texmf-dist/tex/latex/microtype/mt-cmr.cfg)
(./tmp.out) (./tmp.out)
(/usr/local/texlive/2025basic/texmf-dist/tex/latex/lm/ot1lmr.fd)
(/usr/local/texlive/2025basic/texmf-dist/tex/latex/lm/omllmm.fd)
(/usr/local/texlive/2025basic/texmf-dist/tex/latex/lm/omslmsy.fd)
(/usr/local/texlive/2025basic/texmf-dist/tex/latex/lm/omxlmex.fd)
(/usr/local/texlive/2025basic/texmf-dist/tex/latex/amsfonts/umsa.fd)
(/usr/local/texlive/2025basic/texmf-dist/tex/latex/microtype/mt-msa.cfg)
(/usr/local/texlive/2025basic/texmf-dist/tex/latex/amsfonts/umsb.fd)
(/usr/local/texlive/2025basic/texmf-dist/tex/latex/microtype/mt-msb.cfg)
[1] (./tmp.preface.tex
(/usr/local/texlive/2025basic/texmf-dist/tex/latex/lm/t1lmtt.fd)
(/usr/local/texlive/2025basic/texmf-dist/tex/latex/lm/ts1lmr.fd)
[2]
[3])
[4] (./tmp.toc
[5]
[6]
[7]
[8]
[9]
[10])
[11]
[12]
Chapter 1.
<../images/pda.eps>
[1] <../images/pda2.eps>

Overfull \hbox (67.53589pt too wide) has occurred while \output is active
\T1/lmr/m/n/10 2 \T1/lmr/m/sl/10 CHAPTER 1.  BAKIT DAPAT MONG MATUTUNAN ANG PAG
SUSULAT NG PROGRAMS?
[2] <../images/arch.eps>
[3] <../images/arch2.eps>

Overfull \hbox (67.53589pt too wide) has occurred while \output is active
\T1/lmr/m/n/10 4 \T1/lmr/m/sl/10 CHAPTER 1.  BAKIT DAPAT MONG MATUTUNAN ANG PAG
SUSULAT NG PROGRAMS?
[4]
[5] (/usr/local/texlive/2025basic/texmf-dist/tex/latex/lm/ts1lmtt.fd)

Overfull \hbox (67.53589pt too wide) has occurred while \output is active
\T1/lmr/m/n/10 6 \T1/lmr/m/sl/10 CHAPTER 1.  BAKIT DAPAT MONG MATUTUNAN ANG PAG
SUSULAT NG PROGRAMS?
[6]
[7]

Overfull \hbox (67.53589pt too wide) has occurred while \output is active
\T1/lmr/m/n/10 8 \T1/lmr/m/sl/10 CHAPTER 1.  BAKIT DAPAT MONG MATUTUNAN ANG PAG
SUSULAT NG PROGRAMS?
[8]
[9]

Overfull \hbox (72.53589pt too wide) has occurred while \output is active
\T1/lmr/m/n/10 10 \T1/lmr/m/sl/10 CHAPTER 1.  BAKIT DAPAT MONG MATUTUNAN ANG PA
GSUSULAT NG PROGRAMS?
[10]
[11] Excluding 'trinketfiles' comment.

Overfull \hbox (72.53589pt too wide) has occurred while \output is active
\T1/lmr/m/n/10 12 \T1/lmr/m/sl/10 CHAPTER 1.  BAKIT DAPAT MONG MATUTUNAN ANG PA
GSUSULAT NG PROGRAMS?
[12]
Underfull \hbox (badness 2088) in paragraph at lines 872--874
[]\T1/lmr/m/n/10 Gawin ang ilang set ng state-ments nang paulit-ulit,

[13]

Overfull \hbox (72.53589pt too wide) has occurred while \output is active
\T1/lmr/m/n/10 14 \T1/lmr/m/sl/10 CHAPTER 1.  BAKIT DAPAT MONG MATUTUNAN ANG PA
GSUSULAT NG PROGRAMS?
[14]
[15]

Overfull \hbox (72.53589pt too wide) has occurred while \output is active
\T1/lmr/m/n/10 16 \T1/lmr/m/sl/10 CHAPTER 1.  BAKIT DAPAT MONG MATUTUNAN ANG PA
GSUSULAT NG PROGRAMS?
[16]
Underfull \hbox (badness 6220) in paragraph at lines 1141--1144
[]\T1/lmr/m/n/10 Programming lan-guage na idinisenyo para madal-ing

[17]

Overfull \hbox (72.53589pt too wide) has occurred while \output is active
\T1/lmr/m/n/10 18 \T1/lmr/m/sl/10 CHAPTER 1.  BAKIT DAPAT MONG MATUTUNAN ANG PA
GSUSULAT NG PROGRAMS?
[18]
[19]

Overfull \hbox (72.53589pt too wide) has occurred while \output is active
\T1/lmr/m/n/10 20 \T1/lmr/m/sl/10 CHAPTER 1.  BAKIT DAPAT MONG MATUTUNAN ANG PA
GSUSULAT NG PROGRAMS?
[20]
Chapter 2.

[21]
[22]
[23]
[24]
[25]
[26]
[27]
[28]
[29]
[30]
[31]
[32]
[33]
[34]
Chapter 3.

[35] <../images/if.eps>
[36]
[37] <../images/if-else.eps>
[38] <../images/elif.eps>
[39] <../images/nested.eps>
[40]
[41]
[42]
[43]
Underfull \hbox (badness 3471) in paragraph at lines 2791--2793
[]\T1/lmr/m/n/10 Conditional state-ment na may serye ng al-ter-na-tive

[44]
[45]
[46]
Chapter 4.

[47]
[48]
[49]
[50]
[51]
[52]
[53]
[54]
[55]
[56]
[57]
Underfull \hbox (badness 1688) in paragraph at lines 3727--3730
[]\T1/lmr/m/n/10 Pinangalanang se-quence ng state-ments na gu-ma-gawa ng kapaki
-

[58]
[59]
[60]
Chapter 5.

[61]
[62]
[63]
[64]
[65]
[66]
[67]
[68]
[69]
[70]
Chapter 6.
<../images/string.eps>
[71]
[72]
[73]
[74]
[75]
[76]
[77]
[78]
[79]
[80]
[81]
[82]
Chapter 7.
<../images/arch.eps>
[83] <../images/handle.eps>
[84]
[85] Excluding 'trinketfiles' comment.
[86] Excluding 'trinketfiles' comment.
[87] Excluding 'trinketfiles' comment.
[88] Excluding 'trinketfiles' comment. Excluding 'trinketfiles' comment.
[89] Excluding 'trinketfiles' comment.
[90] Excluding 'trinketfiles' comment.
[91]
[92]
[93]
[94]
[95]
[96]
Chapter 8.

[97]
[98]
[99]
[100]
[101]
[102]
[103] Excluding 'trinketfiles' comment.
[104] <../images/list1.eps>
[105]
[106]
[107]
[108]
[109]
[110]
[111]
Overfull \hbox (4.01663pt too wide) in paragraph at lines 7250--7260
[]\T1/lmr/m/n/10 Para maka-pagsim-ula, i-download ang kopya ng file [][][]www.p
y4e.com/code3/romeo.txt[][][][].

[112]
[113]
[114]
Chapter 9.

[115]
Underfull \hbox (badness 10000) in paragraph at lines 7491--7491
[][][][][][][]\T1/lmr/m/n/8 Kung gusto mong matuto pa tungkol sa hash ta-bles, 
may-roong course sa

[116]
[117]
[118] Excluding 'trinketfiles' comment.
Underfull \hbox (badness 2065) in paragraph at lines 7699--7706
\T1/lmtt/m/n/10 counts[word] = counts[word] + 1\T1/lmr/m/n/10 . Ang al-in-mang 
method ay maaar-ing

[119]
Underfull \hbox (badness 1852) in paragraph at lines 7707--7711
[]\T1/lmr/m/n/10 Kapag tu-matakbo ang pro-gram, nakikita natin ang raw dump ng 
la-hat

[120]
[121] Excluding 'trinketfiles' comment.
[122]
Underfull \hbox (badness 1496) in paragraph at lines 7956--7959
[]\T1/lmr/m/n/10 Instead of print-ing and check-ing the en-tire

[123]
[124]
[125]
[126]
Chapter 10.

[127]
[128]
[129]
[130]
[131]
[132] Excluding 'trinketfiles' comment.
[133]
[134]
[135]
[136]
[137]
[138]
Chapter 11.

[139] Excluding 'trinketfiles' comment. Excluding 'trinketfiles' comment.
[140] Excluding 'trinketfiles' comment. Excluding 'trinketfiles' comment.
[141] Excluding 'trinketfiles' comment.
[142] Excluding 'trinketfiles' comment.
[143] Excluding 'trinketfiles' comment.
[144] Excluding 'trinketfiles' comment.
[145] Excluding 'trinketfiles' comment.
[146] Excluding 'trinketfiles' comment.
[147] Excluding 'trinketfiles' comment.
[148]
[149]
[150]
[151]
[152]
Chapter 12.

[153] <../images/socket.eps>
[154]
[155]
[156]
[157]
[158]
[159]
Underfull \hbox (badness 1314) in paragraph at lines 10309--10313
[]\T1/lmr/m/n/10 Sa hal-im-bawang ito, nag-babasa lang tayo ng 100,000 char-ac-
ters sa isang

[160]
[161]
[162]
[163]
[164]
[165]
[166]
[167]
[168]
Chapter 13.
<../images/xml-tree.eps>
[169]
[170]
[171]
[172]
[173]
[174] <../images/soa.eps>
[175]
[176]
Chapter 14.

[177]
[178] <../images/program.eps>
[179] <../images/program-oo.eps>
[180] <../images/program-oo-code.eps>
[181] <../images/program-oo-bs4.eps>
[182] <../photos/cookie_cutter_flickr_Didriks.eps>
[183]
[184]
[185]
[186]
[187]
[188]
[189]
[190]
Chapter 15.
<../images/relational.eps>
[191]
[192] <../images/cursor.eps>
[193]
[194] <../images/tracks.eps>
[195]
Underfull \hbox (badness 1286) in paragraph at lines 12339--12343
[]\T1/lmr/m/n/10 Ang \T1/lmtt/m/n/10 INSERT \T1/lmr/m/n/10 state-ment ay nag-tu
-tukoy ng ta-ble name, pagkat-a-pos list ng

[196]
[197]
[198]
[199] <../images/one-to-many-verbose.eps> <../images/one-to-many.eps>
[200]
[201]
[202] <../images/tracks-albums-artists.eps>
[203]
[204]
[205]
[206] <../images/many-to-many.eps> <../images/many-to-many-verbose.eps>
[207]
[208]
[209]
[210]
[211]
[212]
[213]
[214]
Chapter 16.
<../images/openstreet-map.eps>
[215]
[216]
[217] <../images/pagerank.eps>
[218]
[219]
[220] <../images/wordcloud.eps>
[221]
[222]
[223]
[224] <../images/mailorg.eps> (./tmp.appendix.tex
[225]
[226]
Appendix A.

Overfull \hbox (49.61015pt too wide) in paragraph at lines 5--7
\T1/lmr/m/n/10 Ang li-bro na ito ay na-translate sa ilang lan-guages na makikit
a sa https://www.py4e.com/book. 

Underfull \hbox (badness 4060) in paragraph at lines 27--30
[]\T1/lmr/m/n/10 Greek - Trans-lated book, au-to-graders, re-sources, at web si
te sa

[227]
[228]
[229]
Underfull \hbox (badness 10000) in paragraph at lines 182--184


[230]
Appendix B.

Underfull \hbox (badness 1348) in paragraph at lines 230--233
\T1/lmr/m/n/10 Ang gawaing ito ay li-censed sa ilalim ng Cre-ative Com-mons Att
ribution-

[231]) (./tmp.ind
[232]

[233]

[234]

[235]

[236]

[237]

[238]

[239])
Package createspace Info: spine is about 39.16626pt wide

Package createspace Info: book cost is 6.30USD (3.73USD for pro plan)

(./tmp.aux) )
(see the transcript file for additional information)
Output written on tmp.dvi (251 pages, 1343820 bytes).
Transcript written on tmp.log.
